<?xml version="1.0" encoding="UTF-8"?>
<!-- Generated by org.testng.reporters.JUnitReportReporter -->
<testsuite skipped="0" hostname="ARAVINDKSV" name="com.Comcast.ContactsTest.Contact" tests="3" failures="0" timestamp="21 Sep 2021 11:26:46 GMT" time="0.016" errors="0">
  <testcase name="createContactWithOgTest" time="0.000" classname="com.Comcast.ContactsTest.Contact"/>
  <testcase name="deleteContactTest" time="0.000" classname="com.Comcast.ContactsTest.Contact"/>
  <testcase name="createContactTest" time="0.016" classname="com.Comcast.ContactsTest.Contact"/>
</testsuite> <!-- com.Comcast.ContactsTest.Contact -->
