<?xml version="1.0" encoding="UTF-8"?>
<!-- Generated by org.testng.reporters.JUnitReportReporter -->
<testsuite skipped="0" hostname="ARAVINDKSV" name="com.vtiger.testscripts.CreateNewContact" tests="1" failures="0" timestamp="12 Sep 2021 07:40:08 GMT" time="18.049" errors="0">
  <testcase name="newCreateContact" time="18.049" classname="com.vtiger.testscripts.CreateNewContact"/>
</testsuite> <!-- com.vtiger.testscripts.CreateNewContact -->
